TN:
SF:/Users/leonardofrangelli/dev/studies/frangelli-es6-scss-boilerplate/jest.config.js
FNF:0
FNH:0
DA:1,0
LF:1
LH:0
BRF:0
BRH:0
end_of_record
TN:
SF:/Users/leonardofrangelli/dev/studies/frangelli-es6-scss-boilerplate/webpack.config.js
FN:24,(anonymous_0)
FNF:1
FNH:0
FNDA:0,(anonymous_0)
DA:1,0
DA:2,0
DA:4,0
DA:26,0
LF:4
LH:0
BRF:0
BRH:0
end_of_record
TN:
SF:/Users/leonardofrangelli/dev/studies/frangelli-es6-scss-boilerplate/src/index.js
FN:2,(anonymous_0)
FNF:1
FNH:0
FNDA:0,(anonymous_0)
DA:1,0
DA:2,0
DA:3,0
LF:3
LH:0
BRF:0
BRH:0
end_of_record
